<?xml version="1.0" encoding="UTF-8"?>
<!-- Generated by org.testng.reporters.JUnitReportReporter -->
<testsuite skipped="0" hostname="LAPTOP-QBC6F12R" name="com.zyto.test.TestCases.Product_Company_Selection_Test" tests="1" failures="0" timestamp="26 Jul 2020 21:45:19 GMT" time="119.028" errors="0">
  <testcase name="TC_045_Verify_Continue_button" time="119.028" classname="com.zyto.test.TestCases.Product_Company_Selection_Test"/>
</testsuite> <!-- com.zyto.test.TestCases.Product_Company_Selection_Test -->
