<?xml version="1.0" encoding="UTF-8"?>
<!-- Generated by org.testng.reporters.JUnitReportReporter -->
<testsuite skipped="0" hostname="LAPTOP-QBC6F12R" name="com.zyto.test.TestCases.Create_profile" tests="1" failures="0" timestamp="25 Jul 2020 19:39:24 GMT" time="56.035" errors="0">
  <testcase name="TC_036_Verify_fields_with_Invalid_Data" time="56.035" classname="com.zyto.test.TestCases.Create_profile"/>
</testsuite> <!-- com.zyto.test.TestCases.Create_profile -->
