<?xml version="1.0" encoding="UTF-8"?>
<!-- Generated by org.testng.reporters.JUnitReportReporter -->
<testsuite skipped="0" hostname="LAPTOP-QBC6F12R" name="com.zyto.test.TestCases.Create_New_Account_Test" tests="1" failures="0" timestamp="15 Jul 2020 17:25:56 GMT" time="64.597" errors="0">
  <testcase name="Click_On_Create_button" time="64.597" classname="com.zyto.test.TestCases.Create_New_Account_Test"/>
</testsuite> <!-- com.zyto.test.TestCases.Create_New_Account_Test -->
