<?xml version="1.0" encoding="UTF-8"?>
<!-- Generated by org.testng.reporters.JUnitReportReporter -->
<testsuite skipped="0" hostname="LAPTOP-QBC6F12R" name="com.zyto.test.TestCases.User_Agreement_Test" tests="1" failures="0" timestamp="26 Jul 2020 20:54:46 GMT" time="92.857" errors="0">
  <testcase name="TC_042_Verify_Continue_To_next_Page" time="92.857" classname="com.zyto.test.TestCases.User_Agreement_Test"/>
</testsuite> <!-- com.zyto.test.TestCases.User_Agreement_Test -->
