<?xml version="1.0" encoding="UTF-8"?>
<!-- Generated by org.testng.reporters.JUnitReportReporter -->
<testsuite skipped="0" hostname="LAPTOP-QBC6F12R" name="com.zyto.test.TestCases.Introduction_Page_Test" tests="1" failures="0" timestamp="14 Jul 2020 23:24:41 GMT" time="38.433" errors="0">
  <testcase name="Intro_Page_Test" time="38.433" classname="com.zyto.test.TestCases.Introduction_Page_Test"/>
</testsuite> <!-- com.zyto.test.TestCases.Introduction_Page_Test -->
