<?xml version="1.0" encoding="UTF-8"?>
<!-- Generated by org.testng.reporters.JUnitReportReporter -->
<testsuite skipped="0" hostname="LAPTOP-QBC6F12R" name="com.zyto.test.UtilTestCases.RegistrationProcess" tests="1" failures="0" timestamp="24 Jul 2020 21:36:04 GMT" time="39.418" errors="0">
  <testcase name="Registration" time="39.418" classname="com.zyto.test.UtilTestCases.RegistrationProcess"/>
</testsuite> <!-- com.zyto.test.UtilTestCases.RegistrationProcess -->
